<?xml version="1.0" encoding="UTF-8"?>
<!-- Generated by org.testng.reporters.JUnitReportReporter -->
<testsuite hostname="GABRIEL" failures="0" tests="1" name="exe.Monstertest" time="57.938" errors="0" timestamp="2023-12-07T16:53:56 IST" skipped="0">
  <testcase classname="exe.Monstertest" name="monster" time="57.938"/>
</testsuite> <!-- exe.Monstertest -->
