<?xml version="1.0" encoding="UTF-8"?>
<!-- Generated by org.testng.reporters.JUnitReportReporter -->
<testsuite hostname="GABRIEL" failures="0" tests="1" name="exe.Navukaritest" time="13.793" errors="0" timestamp="2023-11-29T15:13:38 IST" skipped="0">
  <testcase classname="exe.Navukaritest" name="job" time="13.793"/>
</testsuite> <!-- exe.Navukaritest -->
