<?xml version="1.0" encoding="UTF-8"?>
<!-- Generated by org.testng.reporters.JUnitReportReporter -->
<testsuite hostname="GABRIEL" failures="0" tests="1" name="exe.Monstertest" time="23.691" errors="0" timestamp="2023-12-02T16:53:53 IST" skipped="0">
  <testcase classname="exe.Monstertest" name="monster" time="23.691"/>
</testsuite> <!-- exe.Monstertest -->
