<?xml version="1.0" encoding="UTF-8"?>
<!-- Generated by org.testng.reporters.JUnitReportReporter -->
<testsuite hostname="GABRIEL" failures="0" tests="1" name="exe.Navukaritest" time="18.270" errors="0" timestamp="2023-12-02T16:52:11 IST" skipped="0">
  <testcase classname="exe.Navukaritest" name="job" time="18.270"/>
</testsuite> <!-- exe.Navukaritest -->
