<?xml version="1.0" encoding="UTF-8"?>
<!-- Generated by org.testng.reporters.JUnitReportReporter -->
<testsuite hostname="GABRIEL" failures="0" tests="1" name="exe.Linkedin" time="13.816" errors="0" timestamp="2023-12-02T16:40:08 IST" skipped="0">
  <testcase classname="exe.Linkedin" name="in" time="13.816"/>
</testsuite> <!-- exe.Linkedin -->
