<?xml version="1.0" encoding="UTF-8"?>
<!-- Generated by org.testng.reporters.JUnitReportReporter -->
<testsuite hostname="GABRIEL" failures="0" tests="1" name="exe.Navukaritest" time="11.151" errors="0" timestamp="2023-11-29T13:17:21 IST" skipped="0">
  <testcase classname="exe.Navukaritest" name="job" time="11.151"/>
</testsuite> <!-- exe.Navukaritest -->
