<?xml version="1.0" encoding="UTF-8"?>
<!-- Generated by org.testng.reporters.JUnitReportReporter -->
<testsuite hostname="GABRIEL" failures="0" tests="1" name="exe.Monstertest" time="24.423" errors="0" timestamp="2023-11-29T13:27:53 IST" skipped="0">
  <testcase classname="exe.Monstertest" name="monster" time="24.423"/>
</testsuite> <!-- exe.Monstertest -->
